[2022-10-24 19:40:30] Executing bootstrap tasks
[2022-10-24 19:40:30] OpenJDK Runtime Environment 15.0.2+7-27
[2022-10-24 19:40:30] Product org.eclipse.products.epp.package.java.2021-03
[2022-10-24 19:40:30] Bundle org.eclipse.oomph.setup 1.19.0.v20210223-0655, build=5032, branch=de1d74a6bf3addd102f8a873eabac293fbeaa3ad
[2022-10-24 19:40:30] Bundle org.eclipse.oomph.setup.core 1.19.0.v20210221-1019, build=5032, branch=de1d74a6bf3addd102f8a873eabac293fbeaa3ad
[2022-10-24 19:40:30] Bundle org.eclipse.oomph.setup.p2 1.16.0.v20200814-1205, build=5032, branch=de1d74a6bf3addd102f8a873eabac293fbeaa3ad
[2022-10-24 19:40:30] Performing P2 Director (Eclipse IDE for Java Developers (2021-03))
[2022-10-24 19:40:30] Offline = false
[2022-10-24 19:40:30] Mirrors = true
[2022-10-24 19:40:30] Resolving 17 requirements from 3 repositoriesto C:\Users\Lennon Fonseca\eclipse\java-2021-032\eclipse
[2022-10-24 19:40:30] Requirement org.eclipse.equinox.p2.iu:epp.package.java [4.19.0,5.0.0) (filter=(|(&(osgi.arch=aarch64)(osgi.os=linux)(osgi.ws=gtk))(&(osgi.arch=x86_64)(osgi.os=linux)(osgi.ws=gtk))(&(osgi.arch=x86_64)(osgi.os=macosx)(osgi.ws=cocoa))(&(osgi.arch=x86_64)(osgi.os=win32)(osgi.ws=win32))))
[2022-10-24 19:40:30] Requirement org.eclipse.equinox.p2.iu:org.eclipse.platform.feature.group [4.19.0,5.0.0)
[2022-10-24 19:40:30] Requirement org.eclipse.equinox.p2.iu:org.eclipse.rcp.feature.group [4.19.0,5.0.0)
[2022-10-24 19:40:30] Requirement org.eclipse.equinox.p2.iu:org.eclipse.buildship.feature.group
[2022-10-24 19:40:30] Requirement org.eclipse.equinox.p2.iu:org.eclipse.eclemma.feature.feature.group
[2022-10-24 19:40:30] Requirement org.eclipse.equinox.p2.iu:org.eclipse.egit.feature.group
[2022-10-24 19:40:30] Requirement org.eclipse.equinox.p2.iu:org.eclipse.epp.mpc.feature.group
[2022-10-24 19:40:30] Requirement org.eclipse.equinox.p2.iu:org.eclipse.jdt.feature.group
[2022-10-24 19:40:30] Requirement org.eclipse.equinox.p2.iu:org.eclipse.jgit.feature.group
[2022-10-24 19:40:30] Requirement org.eclipse.equinox.p2.iu:org.eclipse.m2e.feature.feature.group
[2022-10-24 19:40:30] Requirement org.eclipse.equinox.p2.iu:org.eclipse.m2e.lemminx.feature.feature.group
[2022-10-24 19:40:30] Requirement org.eclipse.equinox.p2.iu:org.eclipse.m2e.logback.feature.feature.group
[2022-10-24 19:40:30] Requirement org.eclipse.equinox.p2.iu:org.eclipse.mylyn.wikitext.editors_feature.feature.group
[2022-10-24 19:40:30] Requirement org.eclipse.equinox.p2.iu:org.eclipse.tips.feature.feature.group
[2022-10-24 19:40:30] Requirement org.eclipse.equinox.p2.iu:org.eclipse.tm.terminal.feature.feature.group
[2022-10-24 19:40:30] Requirement org.eclipse.equinox.p2.iu:org.eclipse.wildwebdeveloper.xml.feature.feature.group
[2022-10-24 19:40:30] Requirement org.eclipse.equinox.p2.iu:org.eclipse.oomph.setup.feature.group
[2022-10-24 19:40:30] Repository https://download.eclipse.org/technology/epp/packages/2021-03/202103121200
[2022-10-24 19:40:30] Repository https://download.eclipse.org/releases/2021-03/202103171000
[2022-10-24 19:40:30] Repository http://download.eclipse.org/oomph/updates/milestone/latest
[2022-10-24 19:40:47] Calculating requirements and dependencies.
[2022-10-24 19:40:51] Computing prerequisite plan
[2022-10-24 19:41:04] Fetching compositeArtifacts.jar from http://download.eclipse.org/oomph/updates/milestone/latest/ (444B)
[2022-10-24 19:41:07] Fetching artifacts.xml.xz from http://download.eclipse.org/oomph/drops/milestone/S20221023-045223-1.27.0-M2/ (25.92kB)
[2022-10-24 19:41:07] Collecting 2 artifacts from http://download.eclipse.org/oomph/updates/milestone/latest
[2022-10-24 19:41:09] Downloading bcpg
[2022-10-24 19:41:09] Downloading bcprov
[2022-10-24 19:41:10] Fetching bcpg_1.72.0.jar from http://download.eclipse.org/oomph/drops/milestone/S20221023-045223-1.27.0-M2/plugins/ (393.64kB)
[2022-10-24 19:41:10] Fetching bcprov_1.72.0.jar from http://download.eclipse.org/oomph/drops/milestone/S20221023-045223-1.27.0-M2/plugins/ (10.75MB)
[2022-10-24 19:41:11] Fetching bcprov_1.72.0.jar from http://download.eclipse.org/oomph/drops/milestone/S20221023-045223-1.27.0-M2/plugins/
[2022-10-24 19:41:11] Fetching bcpg_1.72.0.jar from http://download.eclipse.org/oomph/drops/milestone/S20221023-045223-1.27.0-M2/plugins/
[2022-10-24 19:41:24] Mirrored 2 artifacts from http://download.eclipse.org/oomph/drops/milestone/S20221023-045223-1.27.0-M2/ at 815kb/s
[2022-10-24 19:41:24] Collected 2 artifacts for http://download.eclipse.org/oomph/updates/milestone/latest in 16.851s
[2022-10-24 19:41:24] Collecting 1 artifacts from https://download.eclipse.org/technology/epp/packages/2021-03/202103121200
[2022-10-24 19:41:24] Downloading epp.package.java.executable.win32.win32.x86_64
[2022-10-24 19:41:24] Collected 1 artifacts for https://download.eclipse.org/technology/epp/packages/2021-03/202103121200 in 0.007s
[2022-10-24 19:41:24] Collecting 3 artifacts from https://download.eclipse.org/releases/2021-03/202103171000
[2022-10-24 19:41:25] Downloading org.eclipse.platform_root
[2022-10-24 19:41:25] Downloading org.eclipse.platform.ide.executable.win32.win32.x86_64
[2022-10-24 19:41:25] Downloading org.eclipse.rcp_root
[2022-10-24 19:41:25] Collected 3 artifacts for https://download.eclipse.org/releases/2021-03/202103171000 in 1.073s
[2022-10-24 19:44:19] Installing a.jre.javase [16.0.0]
[2022-10-24 19:44:19] Installing bcpg [1.72.0]
[2022-10-24 19:44:19] Installing bcprov [1.72.0]
[2022-10-24 19:44:19] Installing ch.qos.logback.classic [1.2.3.v20200428-2012]
[2022-10-24 19:44:19] Installing ch.qos.logback.core [1.2.3.v20200428-2012]
[2022-10-24 19:44:19] Installing ch.qos.logback.slf4j [1.2.3.v20200428-2012]
[2022-10-24 19:44:19] Installing com.google.gson [2.8.6.v20201231-1626]
[2022-10-24 19:44:20] Installing com.google.guava [27.1.0.v20190517-1946]
[2022-10-24 19:44:20] Installing com.ibm.icu [67.1.0.v20200706-1749]
[2022-10-24 19:44:20] Installing com.jcraft.jsch [0.1.55.v20190404-1902]
[2022-10-24 19:44:20] Installing com.mountainminds.eclemma.core [3.1.4.202012082030]
[2022-10-24 19:44:20] Installing com.sun.el [2.2.0.v201303151357]
[2022-10-24 19:44:20] Installing com.sun.jna [5.6.0.v20200716-0148]
[2022-10-24 19:44:20] Installing com.sun.jna.platform [5.6.0.v20200722-0209]
[2022-10-24 19:44:20] Installing com.sun.xml.bind [2.2.0.v20201118-1845]
[2022-10-24 19:44:20] Installing epp.package.java [4.19.0.20210311-1200]
[2022-10-24 19:44:20] Installing epp.package.java.executable.win32.win32.x86_64 [4.19.0.20210311-1200]
[2022-10-24 19:44:20] Installing epp.package.java.executable.win32.win32.x86_64.eclipse [4.19.0.20210311-1200]
[2022-10-24 19:44:20] Installing jakarta.xml.bind [2.3.3.v20201118-1818]
[2022-10-24 19:44:20] Installing javaewah [1.1.7.v20200107-0831]
[2022-10-24 19:44:20] Installing javax.activation [1.1.0.v201211130549]
[2022-10-24 19:44:20] Installing javax.annotation [1.3.5.v20200909-1856]
[2022-10-24 19:44:20] Installing javax.el [2.2.0.v201303151357]
[2022-10-24 19:44:20] Installing javax.inject [1.0.0.v20091030]
[2022-10-24 19:44:20] Installing javax.servlet [3.1.0.v201410161800]
[2022-10-24 19:44:20] Installing javax.servlet.jsp [2.2.0.v201112011158]
[2022-10-24 19:44:20] Installing javax.xml [1.3.4.v201005080400]
[2022-10-24 19:44:20] Installing javax.xml.bind [2.2.0.v201105210648]
[2022-10-24 19:44:20] Installing net.i2p.crypto.eddsa [0.3.0.v20181102-1323]
[2022-10-24 19:44:20] Installing org.apache.ant [1.10.9.v20201106-1946]
[2022-10-24 19:44:20] Installing org.apache.batik.constants [1.13.0.v20200622-2037]
[2022-10-24 19:44:20] Installing org.apache.batik.css [1.13.0.v20200622-2037]
[2022-10-24 19:44:20] Installing org.apache.batik.i18n [1.13.0.v20200622-2037]
[2022-10-24 19:44:20] Installing org.apache.batik.util [1.13.0.v20200622-2037]
[2022-10-24 19:44:20] Installing org.apache.commons.codec [1.14.0.v20200818-1422]
[2022-10-24 19:44:20] Installing org.apache.commons.compress [1.19.0.v20200106-2343]
[2022-10-24 19:44:20] Installing org.apache.commons.io [2.6.0.v20190123-2029]
[2022-10-24 19:44:20] Installing org.apache.commons.jxpath [1.3.0.v200911051830]
[2022-10-24 19:44:20] Installing org.apache.commons.lang [2.6.0.v201404270220]
[2022-10-24 19:44:20] Installing org.apache.commons.logging [1.2.0.v20180409-1502]
[2022-10-24 19:44:20] Installing org.apache.felix.gogo.command [1.1.2.v20210111-1007]
[2022-10-24 19:44:20] Installing org.apache.felix.gogo.runtime [1.1.4.v20210111-1007]
[2022-10-24 19:44:20] Installing org.apache.felix.gogo.shell [1.1.4.v20210111-1007]
[2022-10-24 19:44:20] Installing org.apache.felix.scr [2.1.24.v20200924-1939]
[2022-10-24 19:44:20] Installing org.apache.httpcomponents.httpclient [4.5.10.v20200830-2311]
[2022-10-24 19:44:20] Installing org.apache.httpcomponents.httpclient.win [4.5.10.v20200830-2311]
[2022-10-24 19:44:20] Installing org.apache.httpcomponents.httpcore [4.4.12.v20200108-1212]
[2022-10-24 19:44:20] Installing org.apache.jasper.glassfish [2.2.2.v201501141630]
[2022-10-24 19:44:20] Installing org.apache.lucene.analyzers-common [8.4.1.v20200122-1459]
[2022-10-24 19:44:20] Installing org.apache.lucene.analyzers-smartcn [8.4.1.v20200122-1459]
[2022-10-24 19:44:20] Installing org.apache.lucene.core [8.4.1.v20200122-1459]
[2022-10-24 19:44:20] Installing org.apache.sshd.osgi [2.6.0.v20210201-2003]
[2022-10-24 19:44:20] Installing org.apache.sshd.sftp [2.6.0.v20210201-2003]
[2022-10-24 19:44:20] Installing org.apache.xerces [2.12.1.v20210115-0812]
[2022-10-24 19:44:20] Installing org.apache.xml.resolver [1.2.0.v201005080400]
[2022-10-24 19:44:20] Installing org.apache.xmlgraphics [2.4.0.v20200622-2037]
[2022-10-24 19:44:20] Installing org.apiguardian [1.1.0.v20190826-0900]
[2022-10-24 19:44:20] Installing org.eclipse.ant.core [3.5.800.v20200608-1251]
[2022-10-24 19:44:20] Installing org.eclipse.ant.launching [1.2.1000.v20200610-1458]
[2022-10-24 19:44:20] Installing org.eclipse.ant.ui [3.7.1200.v20210206-1820]
[2022-10-24 19:44:20] Installing org.eclipse.buildship.branding [3.1.5.v20210113-0929]
[2022-10-24 19:44:20] Installing org.eclipse.buildship.core [3.1.5.v20210113-0929]
[2022-10-24 19:44:20] Installing org.eclipse.buildship.feature.group [3.1.5.v20210113-0929]
[2022-10-24 19:44:20] Installing org.eclipse.buildship.feature.jar [3.1.5.v20210113-0929]
[2022-10-24 19:44:20] Installing org.eclipse.buildship.stsmigration [3.1.5.v20210113-0929]
[2022-10-24 19:44:20] Installing org.eclipse.buildship.ui [3.1.5.v20210113-0929]
[2022-10-24 19:44:20] Installing org.eclipse.cdt.core.native [6.1.100.202102030214]
[2022-10-24 19:44:20] Installing org.eclipse.cdt.core.win32 [6.0.200.202102030214]
[2022-10-24 19:44:20] Installing org.eclipse.cdt.core.win32.x86_64 [6.0.100.202011060124]
[2022-10-24 19:44:20] Installing org.eclipse.compare [3.7.1300.v20210114-0707]
[2022-10-24 19:44:20] Installing org.eclipse.compare.core [3.6.1000.v20201020-1107]
[2022-10-24 19:44:20] Installing org.eclipse.compare.win32 [1.2.800.v20200127-1343]
[2022-10-24 19:44:20] Installing org.eclipse.core.commands [3.9.800.v20201021-1339]
[2022-10-24 19:44:20] Installing org.eclipse.core.contenttype [3.7.900.v20210111-0918]
[2022-10-24 19:44:20] Installing org.eclipse.core.databinding [1.10.100.v20200926-1123]
[2022-10-24 19:44:20] Installing org.eclipse.core.databinding.beans [1.7.200.v20210111-0759]
[2022-10-24 19:44:20] Installing org.eclipse.core.databinding.observable [1.10.0.v20200730-0848]
[2022-10-24 19:44:20] Installing org.eclipse.core.databinding.property [1.8.100.v20200619-0651]
[2022-10-24 19:44:20] Installing org.eclipse.core.expressions [3.7.100.v20210203-1000]
[2022-10-24 19:44:20] Installing org.eclipse.core.externaltools [1.1.800.v20201105-0600]
[2022-10-24 19:44:20] Installing org.eclipse.core.filebuffers [3.6.1100.v20201029-1159]
[2022-10-24 19:44:20] Installing org.eclipse.core.filesystem [1.7.700.v20200110-1734]
[2022-10-24 19:44:21] Installing org.eclipse.core.filesystem.win32.x86_64 [1.4.200.v20190812-0909]
[2022-10-24 19:44:21] Installing org.eclipse.core.jobs [3.10.1100.v20210111-0815]
[2022-10-24 19:44:21] Installing org.eclipse.core.net [1.3.1000.v20200715-0827]
[2022-10-24 19:44:21] Installing org.eclipse.core.net.win32.x86_64 [1.1.500.v20190925-1337]
[2022-10-24 19:44:21] Installing org.eclipse.core.resources [3.14.0.v20210215-0934]
[2022-10-24 19:44:21] Installing org.eclipse.core.resources.win32.x86_64 [3.5.400.v20190812-0909]
[2022-10-24 19:44:21] Installing org.eclipse.core.runtime [3.20.100.v20210111-0815]
[2022-10-24 19:44:21] Installing org.eclipse.core.variables [3.4.800.v20200120-1101]
[2022-10-24 19:44:21] Installing org.eclipse.debug.core [3.18.0.v20210222-1101]
[2022-10-24 19:44:21] Installing org.eclipse.debug.ui [3.14.800.v20210222-1101]
[2022-10-24 19:44:21] Installing org.eclipse.e4.core.commands [0.13.0.v20201119-1132]
[2022-10-24 19:44:21] Installing org.eclipse.e4.core.contexts [1.8.400.v20191217-1710]
[2022-10-24 19:44:21] Installing org.eclipse.e4.core.di [1.7.700.v20210128-2123]
[2022-10-24 19:44:21] Installing org.eclipse.e4.core.di.annotations [1.6.600.v20191216-2352]
[2022-10-24 19:44:21] Installing org.eclipse.e4.core.di.extensions [0.16.0.v20200507-0938]
[2022-10-24 19:44:21] Installing org.eclipse.e4.core.di.extensions.supplier [0.15.800.v20210110-1654]
[2022-10-24 19:44:21] Installing org.eclipse.e4.core.services [2.2.600.v20210110-1654]
[2022-10-24 19:44:21] Installing org.eclipse.e4.emf.xpath [0.2.800.v20200609-0849]
[2022-10-24 19:44:21] Installing org.eclipse.e4.rcp.feature.group [4.19.0.v20210302-1107]
[2022-10-24 19:44:21] Installing org.eclipse.e4.rcp.feature.jar [4.19.0.v20210302-1107]
[2022-10-24 19:44:21] Installing org.eclipse.e4.ui.bindings [0.13.0.v20201119-1132]
[2022-10-24 19:44:21] Installing org.eclipse.e4.ui.css.core [0.13.0.v20201015-0653]
[2022-10-24 19:44:21] Installing org.eclipse.e4.ui.css.swt [0.14.100.v20201217-1340]
[2022-10-24 19:44:21] Installing org.eclipse.e4.ui.css.swt.theme [0.13.0.v20201026-1147]
[2022-10-24 19:44:21] Installing org.eclipse.e4.ui.di [1.3.0.v20210222-1018]
[2022-10-24 19:44:21] Installing org.eclipse.e4.ui.dialogs [1.2.100.v20201109-2317]
[2022-10-24 19:44:21] Installing org.eclipse.e4.ui.ide [3.15.200.v20210108-1832]
[2022-10-24 19:44:21] Installing org.eclipse.e4.ui.model.workbench [2.1.1000.v20210111-0958]
[2022-10-24 19:44:21] Installing org.eclipse.e4.ui.services [1.5.0.v20210115-1333]
[2022-10-24 19:44:21] Installing org.eclipse.e4.ui.swt.win32 [1.1.0.v20201119-1132]
[2022-10-24 19:44:21] Installing org.eclipse.e4.ui.widgets [1.2.800.v20201021-1339]
[2022-10-24 19:44:21] Installing org.eclipse.e4.ui.workbench [1.12.100.v20210122-1731]
[2022-10-24 19:44:21] Installing org.eclipse.e4.ui.workbench.addons.swt [1.4.100.v20201221-2332]
[2022-10-24 19:44:21] Installing org.eclipse.e4.ui.workbench.renderers.swt [0.15.0.v20201125-0918]
[2022-10-24 19:44:21] Installing org.eclipse.e4.ui.workbench.swt [0.16.0.v20201230-1610]
[2022-10-24 19:44:21] Installing org.eclipse.e4.ui.workbench3 [0.15.500.v20201021-1339]
[2022-10-24 19:44:21] Installing org.eclipse.ecf [3.9.101.v20201027-0547]
[2022-10-24 19:44:21] Installing org.eclipse.ecf.core.feature.feature.group [1.5.701.v20201027-0550]
[2022-10-24 19:44:21] Installing org.eclipse.ecf.core.feature.feature.jar [1.5.701.v20201027-0550]
[2022-10-24 19:44:21] Installing org.eclipse.ecf.core.ssl.feature.feature.group [1.1.500.v20200812-2314]
[2022-10-24 19:44:21] Installing org.eclipse.ecf.core.ssl.feature.feature.jar [1.1.500.v20200812-2314]
[2022-10-24 19:44:21] Installing org.eclipse.ecf.filetransfer [5.1.101.v20201025-2315]
[2022-10-24 19:44:21] Installing org.eclipse.ecf.filetransfer.feature.feature.group [3.14.1702.v20201025-2315]
[2022-10-24 19:44:21] Installing org.eclipse.ecf.filetransfer.feature.feature.jar [3.14.1702.v20201025-2315]
[2022-10-24 19:44:21] Installing org.eclipse.ecf.filetransfer.httpclient45.feature.feature.group [1.0.702.v20201025-2303]
[2022-10-24 19:44:21] Installing org.eclipse.ecf.filetransfer.httpclient45.feature.feature.jar [1.0.702.v20201025-2303]
[2022-10-24 19:44:21] Installing org.eclipse.ecf.filetransfer.ssl.feature.feature.group [1.1.400.v20200812-2314]
[2022-10-24 19:44:21] Installing org.eclipse.ecf.filetransfer.ssl.feature.feature.jar [1.1.400.v20200812-2314]
[2022-10-24 19:44:21] Installing org.eclipse.ecf.identity [3.9.401.v20201027-0550]
[2022-10-24 19:44:21] Installing org.eclipse.ecf.provider.filetransfer [3.2.601.v20201025-0700]
[2022-10-24 19:44:21] Installing org.eclipse.ecf.provider.filetransfer.httpclient45 [1.0.301.v20201025-0700]
[2022-10-24 19:44:21] Installing org.eclipse.ecf.provider.filetransfer.httpclient45.win32 [1.0.300.v20200816-1842]
[2022-10-24 19:44:21] Installing org.eclipse.ecf.provider.filetransfer.ssl [1.0.200.v20200611-1836]
[2022-10-24 19:44:21] Installing org.eclipse.ecf.ssl [1.2.400.v20200611-2220]
[2022-10-24 19:44:21] Installing org.eclipse.eclemma.core [3.1.4.202012082030]
[2022-10-24 19:44:21] Installing org.eclipse.eclemma.doc [3.1.4.202012082030]
[2022-10-24 19:44:21] Installing org.eclipse.eclemma.feature.feature.group [3.1.4.202012082030]
[2022-10-24 19:44:21] Installing org.eclipse.eclemma.feature.feature.jar [3.1.4.202012082030]
[2022-10-24 19:44:21] Installing org.eclipse.eclemma.ui [3.1.4.202012082030]
[2022-10-24 19:44:21] Installing org.eclipse.egit [5.11.0.202103091610-r]
[2022-10-24 19:44:21] Installing org.eclipse.egit.core [5.11.0.202103091610-r]
[2022-10-24 19:44:21] Installing org.eclipse.egit.doc [5.11.0.202103091610-r]
[2022-10-24 19:44:21] Installing org.eclipse.egit.feature.group [5.11.0.202103091610-r]
[2022-10-24 19:44:21] Installing org.eclipse.egit.feature.jar [5.11.0.202103091610-r]
[2022-10-24 19:44:21] Installing org.eclipse.egit.ui [5.11.0.202103091610-r]
[2022-10-24 19:44:21] Installing org.eclipse.emf.common [2.22.0.v20210114-1734]
[2022-10-24 19:44:21] Installing org.eclipse.emf.common.feature.group [2.22.0.v20210114-1734]
[2022-10-24 19:44:21] Installing org.eclipse.emf.common.feature.jar [2.22.0.v20210114-1734]
[2022-10-24 19:44:21] Installing org.eclipse.emf.common.ui [2.18.0.v20190507-0402]
[2022-10-24 19:44:21] Installing org.eclipse.emf.ecore [2.23.0.v20200630-0516]
[2022-10-24 19:44:21] Installing org.eclipse.emf.ecore.change [2.14.0.v20190528-0725]
[2022-10-24 19:44:21] Installing org.eclipse.emf.ecore.edit [2.13.0.v20190822-1451]
[2022-10-24 19:44:21] Installing org.eclipse.emf.ecore.feature.group [2.23.0.v20200630-0516]
[2022-10-24 19:44:21] Installing org.eclipse.emf.ecore.feature.jar [2.23.0.v20200630-0516]
[2022-10-24 19:44:21] Installing org.eclipse.emf.ecore.xmi [2.16.0.v20190528-0725]
[2022-10-24 19:44:22] Installing org.eclipse.emf.edit [2.16.0.v20190920-0401]
[2022-10-24 19:44:22] Installing org.eclipse.emf.edit.ui [2.19.0.v20200917-1406]
[2022-10-24 19:44:22] Installing org.eclipse.epp.mpc.core [1.9.1.v20210204-1408]
[2022-10-24 19:44:22] Installing org.eclipse.epp.mpc.core.win32 [1.9.1.v20210204-1338]
[2022-10-24 19:44:22] Installing org.eclipse.epp.mpc.feature.group [1.9.1.v20210204-1408]
[2022-10-24 19:44:22] Installing org.eclipse.epp.mpc.feature.jar [1.9.1.v20210204-1408]
[2022-10-24 19:44:22] Installing org.eclipse.epp.mpc.help.ui [1.9.1.v20210204-1408]
[2022-10-24 19:44:22] Installing org.eclipse.epp.mpc.ui [1.9.1.v20210204-1408]
[2022-10-24 19:44:22] Installing org.eclipse.epp.mpc.ui.css [1.9.1.v20210204-1408]
[2022-10-24 19:44:22] Installing org.eclipse.epp.package.common [4.19.0.20210311-1200]
[2022-10-24 19:44:22] Installing org.eclipse.epp.package.common.feature.feature.group [4.19.0.20210311-1200]
[2022-10-24 19:44:22] Installing org.eclipse.epp.package.common.feature.feature.jar [4.19.0.20210311-1200]
[2022-10-24 19:44:22] Installing org.eclipse.epp.package.java [4.19.0.20210311-1200]
[2022-10-24 19:44:22] Installing org.eclipse.epp.package.java.feature.feature.group [4.19.0.20210311-1200]
[2022-10-24 19:44:22] Installing org.eclipse.epp.package.java.feature.feature.jar [4.19.0.20210311-1200]
[2022-10-24 19:44:22] Installing org.eclipse.equinox.app [1.5.100.v20210212-1143]
[2022-10-24 19:44:22] Installing org.eclipse.equinox.bidi [1.3.100.v20210212-1143]
[2022-10-24 19:44:22] Installing org.eclipse.equinox.common [3.14.100.v20210212-1143]
[2022-10-24 19:44:22] Installing org.eclipse.equinox.concurrent [1.2.0.v20210202-1157]
[2022-10-24 19:44:22] Installing org.eclipse.equinox.console [1.4.300.v20210211-2058]
[2022-10-24 19:44:22] Installing org.eclipse.equinox.event [1.6.0.v20210212-1143]
[2022-10-24 19:44:22] Installing org.eclipse.equinox.frameworkadmin [2.1.400.v20191002-0702]
[2022-10-24 19:44:22] Installing org.eclipse.equinox.frameworkadmin.equinox [1.1.400.v20200319-1546]
[2022-10-24 19:44:22] Installing org.eclipse.equinox.http.jetty [3.7.600.v20210224-2143]
[2022-10-24 19:44:22] Installing org.eclipse.equinox.http.registry [1.2.0.v20200614-1851]
[2022-10-24 19:44:22] Installing org.eclipse.equinox.http.servlet [1.7.0.v20210202-1229]
[2022-10-24 19:44:22] Installing org.eclipse.equinox.jsp.jasper [1.1.500.v20200422-1833]
[2022-10-24 19:44:22] Installing org.eclipse.equinox.jsp.jasper.registry [1.1.400.v20200422-1833]
[2022-10-24 19:44:22] Installing org.eclipse.equinox.launcher [1.6.100.v20201223-0822]
[2022-10-24 19:44:22] Installing org.eclipse.equinox.launcher.win32.win32.x86_64 [1.2.100.v20210209-1541]
[2022-10-24 19:44:22] Installing org.eclipse.equinox.p2.artifact.repository [1.4.0.v20210129-2007]
[2022-10-24 19:44:22] Installing org.eclipse.equinox.p2.console [1.1.500.v20210116-1227]
[2022-10-24 19:44:22] Installing org.eclipse.equinox.p2.core [2.6.300.v20200211-1504]
[2022-10-24 19:44:22] Installing org.eclipse.equinox.p2.core.feature.feature.group [1.6.900.v20210227-0235]
[2022-10-24 19:44:22] Installing org.eclipse.equinox.p2.core.feature.feature.jar [1.6.900.v20210227-0235]
[2022-10-24 19:44:22] Installing org.eclipse.equinox.p2.director [2.4.700.v20200511-1530]
[2022-10-24 19:44:22] Installing org.eclipse.equinox.p2.director.app [1.1.600.v20200511-1530]
[2022-10-24 19:44:22] Installing org.eclipse.equinox.p2.directorywatcher [1.2.500.v20191211-1631]
[2022-10-24 19:44:22] Installing org.eclipse.equinox.p2.discovery [1.1.200.v20190611-1008]
[2022-10-24 19:44:22] Installing org.eclipse.equinox.p2.discovery.compatibility [1.2.0.v20200916-1234]
[2022-10-24 19:44:22] Installing org.eclipse.equinox.p2.discovery.feature.feature.group [1.2.800.v20200916-1234]
[2022-10-24 19:44:22] Installing org.eclipse.equinox.p2.discovery.feature.feature.jar [1.2.800.v20200916-1234]
[2022-10-24 19:44:22] Installing org.eclipse.equinox.p2.engine [2.6.700.v20200511-1530]
[2022-10-24 19:44:22] Installing org.eclipse.equinox.p2.extensionlocation [1.3.400.v20191213-1911]
[2022-10-24 19:44:22] Installing org.eclipse.equinox.p2.extras.feature.feature.group [1.4.1100.v20210227-0235]
[2022-10-24 19:44:22] Installing org.eclipse.equinox.p2.extras.feature.feature.jar [1.4.1100.v20210227-0235]
[2022-10-24 19:44:22] Installing org.eclipse.equinox.p2.garbagecollector [1.1.400.v20200221-1022]
[2022-10-24 19:44:22] Installing org.eclipse.equinox.p2.jarprocessor [1.1.700.v20210227-0235]
[2022-10-24 19:44:22] Installing org.eclipse.equinox.p2.metadata [2.5.100.v20200908-1020]
[2022-10-24 19:44:22] Installing org.eclipse.equinox.p2.metadata.repository [1.3.500.v20210108-0738]
[2022-10-24 19:44:22] Installing org.eclipse.equinox.p2.operations [2.5.1000.v20201106-1246]
[2022-10-24 19:44:22] Installing org.eclipse.equinox.p2.publisher [1.5.500.v20210211-1133]
[2022-10-24 19:44:22] Installing org.eclipse.equinox.p2.publisher.eclipse [1.3.800.v20210205-1231]
[2022-10-24 19:44:22] Installing org.eclipse.equinox.p2.rcp.feature.feature.group [1.4.1100.v20210227-0235]
[2022-10-24 19:44:22] Installing org.eclipse.equinox.p2.rcp.feature.feature.jar [1.4.1100.v20210227-0235]
[2022-10-24 19:44:22] Installing org.eclipse.equinox.p2.reconciler.dropins [1.3.500.v20210116-1855]
[2022-10-24 19:44:22] Installing org.eclipse.equinox.p2.repository [2.5.0.v20201013-0853]
[2022-10-24 19:44:22] Installing org.eclipse.equinox.p2.repository.tools [2.2.600.v20210114-1107]
[2022-10-24 19:44:22] Installing org.eclipse.equinox.p2.touchpoint.eclipse [2.2.800.v20210115-1344]
[2022-10-24 19:44:22] Installing org.eclipse.equinox.p2.touchpoint.natives [1.3.600.v20200511-1530]
[2022-10-24 19:44:22] Installing org.eclipse.equinox.p2.transport.ecf [1.3.0.v20201012-1345]
[2022-10-24 19:44:22] Installing org.eclipse.equinox.p2.ui [2.7.0.v20210114-1216]
[2022-10-24 19:44:22] Installing org.eclipse.equinox.p2.ui.discovery [1.2.0.v20200916-1234]
[2022-10-24 19:44:22] Installing org.eclipse.equinox.p2.ui.importexport [1.3.0.v20210217-1009]
[2022-10-24 19:44:22] Installing org.eclipse.equinox.p2.ui.sdk [1.2.0.v20210114-1214]
[2022-10-24 19:44:22] Installing org.eclipse.equinox.p2.ui.sdk.scheduler [1.5.0.v20201012-1421]
[2022-10-24 19:44:22] Installing org.eclipse.equinox.p2.updatechecker [1.2.300.v20200222-1600]
[2022-10-24 19:44:22] Installing org.eclipse.equinox.p2.updatesite [1.1.500.v20210108-0738]
[2022-10-24 19:44:22] Installing org.eclipse.equinox.p2.user.ui.feature.group [2.4.1100.v20210227-0235]
[2022-10-24 19:44:22] Installing org.eclipse.equinox.p2.user.ui.feature.jar [2.4.1100.v20210227-0235]
[2022-10-24 19:44:22] Installing org.eclipse.equinox.preferences [3.8.200.v20210212-1143]
[2022-10-24 19:44:22] Installing org.eclipse.equinox.registry [3.10.100.v20210212-1143]
[2022-10-24 19:44:22] Installing org.eclipse.equinox.security [1.3.600.v20210126-1005]
[2022-10-24 19:44:22] Installing org.eclipse.equinox.security.ui [1.3.0.v20210121-0947]
[2022-10-24 19:44:22] Installing org.eclipse.equinox.security.win32.x86_64 [1.1.200.v20190812-0919]
[2022-10-24 19:44:22] Installing org.eclipse.equinox.simpleconfigurator [1.3.600.v20200721-1308]
[2022-10-24 19:44:22] Installing org.eclipse.equinox.simpleconfigurator.manipulator [2.1.500.v20200211-1505]
[2022-10-24 19:44:22] Installing org.eclipse.help [3.8.800.v20200525-0755]
[2022-10-24 19:44:23] Installing org.eclipse.help.base [4.3.200.v20210303-1800]
[2022-10-24 19:44:23] Installing org.eclipse.help.feature.group [2.3.500.v20210303-1800]
[2022-10-24 19:44:23] Installing org.eclipse.help.feature.jar [2.3.500.v20210303-1800]
[2022-10-24 19:44:23] Installing org.eclipse.help.ui [4.2.200.v20210123-1004]
[2022-10-24 19:44:23] Installing org.eclipse.help.webapp [3.10.200.v20210222-1057]
[2022-10-24 19:44:23] Installing org.eclipse.jdt [3.18.700.v20210303-1800]
[2022-10-24 19:44:23] Installing org.eclipse.jdt.annotation [1.1.500.v20200407-1355]
[2022-10-24 19:44:23] Installing org.eclipse.jdt.apt.core [3.6.800.v20200916-0645]
[2022-10-24 19:44:23] Installing org.eclipse.jdt.apt.pluggable.core [1.2.500.v20200322-1447]
[2022-10-24 19:44:23] Installing org.eclipse.jdt.apt.ui [3.6.500.v20200828-1336]
[2022-10-24 19:44:23] Installing org.eclipse.jdt.compiler.apt [1.3.1200.v20200916-0645]
[2022-10-24 19:44:23] Installing org.eclipse.jdt.compiler.tool [1.2.1100.v20200916-0645]
[2022-10-24 19:44:23] Installing org.eclipse.jdt.core [3.25.0.v20210223-0522]
[2022-10-24 19:44:23] Installing org.eclipse.jdt.core.formatterapp [1.0.0.v20200119-0748]
[2022-10-24 19:44:23] Installing org.eclipse.jdt.core.manipulation [1.14.300.v20210224-0730]
[2022-10-24 19:44:23] Installing org.eclipse.jdt.debug [3.17.100.v20210220-1238]
[2022-10-24 19:44:23] Installing org.eclipse.jdt.debug.ui [3.12.200.v20210224-0638]
[2022-10-24 19:44:23] Installing org.eclipse.jdt.doc.user [3.15.1000.v20210302-1902]
[2022-10-24 19:44:23] Installing org.eclipse.jdt.feature.group [3.18.700.v20210303-1800]
[2022-10-24 19:44:23] Installing org.eclipse.jdt.feature.jar [3.18.700.v20210303-1800]
[2022-10-24 19:44:23] Installing org.eclipse.jdt.junit [3.11.1100.v20210203-1102]
[2022-10-24 19:44:23] Installing org.eclipse.jdt.junit.core [3.10.1000.v20210112-0706]
[2022-10-24 19:44:23] Installing org.eclipse.jdt.junit.runtime [3.5.500.v20210112-0706]
[2022-10-24 19:44:23] Installing org.eclipse.jdt.junit4.runtime [1.1.1500.v20210112-1623]
[2022-10-24 19:44:23] Installing org.eclipse.jdt.junit5.runtime [1.0.1200.v20210112-0706]
[2022-10-24 19:44:23] Installing org.eclipse.jdt.launching [3.19.100.v20210217-1644]
[2022-10-24 19:44:23] Installing org.eclipse.jdt.ui [3.22.100.v20210224-0730]
[2022-10-24 19:44:23] Installing org.eclipse.jetty.continuation [9.4.37.v20210219]
[2022-10-24 19:44:23] Installing org.eclipse.jetty.http [9.4.37.v20210219]
[2022-10-24 19:44:23] Installing org.eclipse.jetty.io [9.4.37.v20210219]
[2022-10-24 19:44:23] Installing org.eclipse.jetty.security [9.4.37.v20210219]
[2022-10-24 19:44:23] Installing org.eclipse.jetty.server [9.4.37.v20210219]
[2022-10-24 19:44:23] Installing org.eclipse.jetty.servlet [9.4.37.v20210219]
[2022-10-24 19:44:23] Installing org.eclipse.jetty.util [9.4.37.v20210219]
[2022-10-24 19:44:23] Installing org.eclipse.jetty.util.ajax [9.4.37.v20210219]
[2022-10-24 19:44:23] Installing org.eclipse.jface [3.22.100.v20210126-0831]
[2022-10-24 19:44:23] Installing org.eclipse.jface.databinding [1.12.200.v20210111-0911]
[2022-10-24 19:44:23] Installing org.eclipse.jface.notifications [0.3.0.v20210218-1820]
[2022-10-24 19:44:23] Installing org.eclipse.jface.text [3.17.0.v20210213-0904]
[2022-10-24 19:44:23] Installing org.eclipse.jgit [5.11.0.202103091610-r]
[2022-10-24 19:44:23] Installing org.eclipse.jgit.archive [5.11.0.202103091610-r]
[2022-10-24 19:44:23] Installing org.eclipse.jgit.feature.group [5.11.0.202103091610-r]
[2022-10-24 19:44:23] Installing org.eclipse.jgit.feature.jar [5.11.0.202103091610-r]
[2022-10-24 19:44:23] Installing org.eclipse.jgit.gpg.bc [5.11.0.202103091610-r]
[2022-10-24 19:44:23] Installing org.eclipse.jgit.gpg.bc.feature.group [5.11.0.202103091610-r]
[2022-10-24 19:44:23] Installing org.eclipse.jgit.gpg.bc.feature.jar [5.11.0.202103091610-r]
[2022-10-24 19:44:23] Installing org.eclipse.jgit.http.apache [5.11.0.202103091610-r]
[2022-10-24 19:44:23] Installing org.eclipse.jgit.http.apache.feature.group [5.11.0.202103091610-r]
[2022-10-24 19:44:23] Installing org.eclipse.jgit.http.apache.feature.jar [5.11.0.202103091610-r]
[2022-10-24 19:44:23] Installing org.eclipse.jgit.ssh.apache [5.11.0.202103091610-r]
[2022-10-24 19:44:23] Installing org.eclipse.jgit.ssh.apache.feature.group [5.11.0.202103091610-r]
[2022-10-24 19:44:23] Installing org.eclipse.jgit.ssh.apache.feature.jar [5.11.0.202103091610-r]
[2022-10-24 19:44:23] Installing org.eclipse.jsch.core [1.3.900.v20200422-1935]
[2022-10-24 19:44:23] Installing org.eclipse.jsch.ui [1.3.1100.v20200916-0731]
[2022-10-24 19:44:23] Installing org.eclipse.lsp4e [0.13.5.202103011336]
[2022-10-24 19:44:23] Installing org.eclipse.lsp4j [0.10.0.v20201105-1103]
[2022-10-24 19:44:23] Installing org.eclipse.lsp4j.jsonrpc [0.10.0.v20201105-1103]
[2022-10-24 19:44:23] Installing org.eclipse.ltk.core.refactoring [3.11.300.v20210208-1217]
[2022-10-24 19:44:23] Installing org.eclipse.ltk.ui.refactoring [3.11.300.v20210112-0706]
[2022-10-24 19:44:23] Installing org.eclipse.m2e.archetype.common [1.16.0.20201125-2132]
[2022-10-24 19:44:23] Installing org.eclipse.m2e.binaryproject [1.17.1.20210115-1536]
[2022-10-24 19:44:23] Installing org.eclipse.m2e.binaryproject.ui [1.17.1.20210115-1536]
[2022-10-24 19:44:23] Installing org.eclipse.m2e.core [1.17.2.20210211-1654]
[2022-10-24 19:44:23] Installing org.eclipse.m2e.core.ui [1.17.2.20210219-1922]
[2022-10-24 19:44:23] Installing org.eclipse.m2e.discovery [1.17.1.20210115-1536]
[2022-10-24 19:44:23] Installing org.eclipse.m2e.editor [1.17.2.20210219-1922]
[2022-10-24 19:44:23] Installing org.eclipse.m2e.editor.lemminx [1.17.2.20210225-1838]
[2022-10-24 19:44:23] Installing org.eclipse.m2e.editor.xml [1.17.1.20210219-1922]
[2022-10-24 19:44:23] Installing org.eclipse.m2e.feature.feature.group [1.17.2.20210219-1922]
[2022-10-24 19:44:23] Installing org.eclipse.m2e.feature.feature.jar [1.17.2.20210219-1922]
[2022-10-24 19:44:23] Installing org.eclipse.m2e.importer [1.17.1.20210115-1536]
[2022-10-24 19:44:23] Installing org.eclipse.m2e.jdt [1.17.1.20210116-2050]
[2022-10-24 19:44:23] Installing org.eclipse.m2e.jdt.ui [1.17.1.20210115-1536]
[2022-10-24 19:44:23] Installing org.eclipse.m2e.launching [1.17.1.20210115-1536]
[2022-10-24 19:44:23] Installing org.eclipse.m2e.lemminx.feature.feature.group [1.17.1.20210225-1838]
[2022-10-24 19:44:23] Installing org.eclipse.m2e.lemminx.feature.feature.jar [1.17.1.20210225-1838]
[2022-10-24 19:44:23] Installing org.eclipse.m2e.lifecyclemapping.defaults [1.17.1.20210115-1536]
[2022-10-24 19:44:23] Installing org.eclipse.m2e.logback.appender [1.17.0.20200924-1339]
[2022-10-24 19:44:23] Installing org.eclipse.m2e.logback.configuration [1.16.0.20200318-1040]
[2022-10-24 19:44:23] Installing org.eclipse.m2e.logback.feature.feature.group [1.17.0.20200924-1339]
[2022-10-24 19:44:23] Installing org.eclipse.m2e.logback.feature.feature.jar [1.17.0.20200924-1339]
[2022-10-24 19:44:23] Installing org.eclipse.m2e.maven.indexer [1.17.1.20210129-0849]
[2022-10-24 19:44:23] Installing org.eclipse.m2e.maven.runtime [1.16.0.20210129-0849]
[2022-10-24 19:44:23] Installing org.eclipse.m2e.maven.runtime.slf4j.simple [1.16.0.20200610-1735]
[2022-10-24 19:44:23] Installing org.eclipse.m2e.model.edit [1.16.1.20210115-0930]
[2022-10-24 19:44:23] Installing org.eclipse.m2e.profiles.core [1.17.0.20201014-1513]
[2022-10-24 19:44:24] Installing org.eclipse.m2e.profiles.ui [1.17.1.20210115-1536]
[2022-10-24 19:44:24] Installing org.eclipse.m2e.refactoring [1.17.0.20200924-1339]
[2022-10-24 19:44:24] Installing org.eclipse.m2e.scm [1.17.1.20210115-1536]
[2022-10-24 19:44:24] Installing org.eclipse.m2e.sourcelookup [1.17.1.20210115-1536]
[2022-10-24 19:44:24] Installing org.eclipse.m2e.sourcelookup.ui [1.17.1.20210115-1536]
[2022-10-24 19:44:24] Installing org.eclipse.m2e.sse.ui.feature.feature.group [1.17.1.20210219-1922]
[2022-10-24 19:44:24] Installing org.eclipse.m2e.sse.ui.feature.feature.jar [1.17.1.20210219-1922]
[2022-10-24 19:44:24] Installing org.eclipse.m2e.workspace.cli [0.3.1]
[2022-10-24 19:44:24] Installing org.eclipse.mylyn.commons.core [3.25.2.v20200813-0821]
[2022-10-24 19:44:24] Installing org.eclipse.mylyn.commons.notifications.core [1.17.2.v20200813-0821]
[2022-10-24 19:44:24] Installing org.eclipse.mylyn.commons.notifications.ui [1.17.2.v20200813-0821]
[2022-10-24 19:44:24] Installing org.eclipse.mylyn.commons.screenshots [3.25.2.v20200813-0821]
[2022-10-24 19:44:24] Installing org.eclipse.mylyn.commons.ui [3.25.2.v20200813-0821]
[2022-10-24 19:44:24] Installing org.eclipse.mylyn.commons.workbench [3.25.2.v20200813-0821]
[2022-10-24 19:44:24] Installing org.eclipse.mylyn.wikitext [3.0.38.20200817211131]
[2022-10-24 19:44:24] Installing org.eclipse.mylyn.wikitext.ant [3.0.38.20200817211131]
[2022-10-24 19:44:24] Installing org.eclipse.mylyn.wikitext.asciidoc [3.0.38.20200817211131]
[2022-10-24 19:44:24] Installing org.eclipse.mylyn.wikitext.asciidoc.ui [3.0.38.202008172112]
[2022-10-24 19:44:24] Installing org.eclipse.mylyn.wikitext.confluence [3.0.38.20200817211131]
[2022-10-24 19:44:24] Installing org.eclipse.mylyn.wikitext.confluence.ui [3.0.38.202008172112]
[2022-10-24 19:44:24] Installing org.eclipse.mylyn.wikitext.editors_feature.feature.group [3.0.38.202008172112]
[2022-10-24 19:44:24] Installing org.eclipse.mylyn.wikitext.editors_feature.feature.jar [3.0.38.202008172112]
[2022-10-24 19:44:24] Installing org.eclipse.mylyn.wikitext.help.ui [3.0.38.202008172112]
[2022-10-24 19:44:24] Installing org.eclipse.mylyn.wikitext.html [3.0.38.20200817211131]
[2022-10-24 19:44:24] Installing org.eclipse.mylyn.wikitext.markdown [3.0.38.20200817211131]
[2022-10-24 19:44:24] Installing org.eclipse.mylyn.wikitext.markdown.ui [3.0.38.202008172112]
[2022-10-24 19:44:24] Installing org.eclipse.mylyn.wikitext.mediawiki [3.0.38.20200817211131]
[2022-10-24 19:44:24] Installing org.eclipse.mylyn.wikitext.mediawiki.ui [3.0.38.202008172112]
[2022-10-24 19:44:24] Installing org.eclipse.mylyn.wikitext.osgi [3.0.38.202008172112]
[2022-10-24 19:44:24] Installing org.eclipse.mylyn.wikitext.textile [3.0.38.20200817211131]
[2022-10-24 19:44:24] Installing org.eclipse.mylyn.wikitext.textile.ui [3.0.38.202008172112]
[2022-10-24 19:44:24] Installing org.eclipse.mylyn.wikitext.tracwiki [3.0.38.20200817211131]
[2022-10-24 19:44:24] Installing org.eclipse.mylyn.wikitext.tracwiki.ui [3.0.38.202008172112]
[2022-10-24 19:44:24] Installing org.eclipse.mylyn.wikitext.twiki [3.0.38.20200817211131]
[2022-10-24 19:44:24] Installing org.eclipse.mylyn.wikitext.twiki.ui [3.0.38.202008172112]
[2022-10-24 19:44:24] Installing org.eclipse.mylyn.wikitext.ui [3.0.38.202008172112]
[2022-10-24 19:44:24] Installing org.eclipse.nebula.widgets.tablecombo [1.2.0.202208171909]
[2022-10-24 19:44:24] Installing org.eclipse.oomph.base [1.14.0.v20200624-1156]
[2022-10-24 19:44:24] Installing org.eclipse.oomph.base.edit [1.13.0.v20200720-0841]
[2022-10-24 19:44:24] Installing org.eclipse.oomph.extractor.lib [1.8.0.v20200624-1156]
[2022-10-24 19:44:24] Installing org.eclipse.oomph.jreinfo [1.14.0.v20200901-1012]
[2022-10-24 19:44:24] Installing org.eclipse.oomph.jreinfo.ui [1.12.0.v20200720-0749]
[2022-10-24 19:44:24] Installing org.eclipse.oomph.jreinfo.win32.x86_64 [1.7.0.v20191107-1011]
[2022-10-24 19:44:24] Installing org.eclipse.oomph.p2 [1.14.0.v20200624-1156]
[2022-10-24 19:44:24] Installing org.eclipse.oomph.p2.core [1.17.0.v20200820-0414]
[2022-10-24 19:44:24] Installing org.eclipse.oomph.p2.doc [1.11.0.v20200624-1156]
[2022-10-24 19:44:24] Installing org.eclipse.oomph.p2.edit [1.14.0.v20200624-1156]
[2022-10-24 19:44:24] Installing org.eclipse.oomph.p2.feature.group [1.18.0.v20201231-0755]
[2022-10-24 19:44:24] Installing org.eclipse.oomph.p2.feature.jar [1.18.0.v20201231-0755]
[2022-10-24 19:44:24] Installing org.eclipse.oomph.p2.ui [1.15.0.v20201231-0755]
[2022-10-24 19:44:24] Installing org.eclipse.oomph.predicates [1.12.0.v20200624-1156]
[2022-10-24 19:44:24] Installing org.eclipse.oomph.predicates.edit [1.11.0.v20200624-1156]
[2022-10-24 19:44:24] Installing org.eclipse.oomph.preferences [1.12.0.v20200624-1156]
[2022-10-24 19:44:24] Installing org.eclipse.oomph.resources [1.15.0.v20210211-0559]
[2022-10-24 19:44:24] Installing org.eclipse.oomph.resources.edit [1.11.0.v20200624-1156]
[2022-10-24 19:44:24] Installing org.eclipse.oomph.setup [1.19.0.v20210223-0655]
[2022-10-24 19:44:24] Installing org.eclipse.oomph.setup.core [1.19.0.v20210221-1019]
[2022-10-24 19:44:24] Installing org.eclipse.oomph.setup.core.feature.group [1.19.0.v20210223-0655]
[2022-10-24 19:44:24] Installing org.eclipse.oomph.setup.core.feature.jar [1.19.0.v20210223-0655]
[2022-10-24 19:44:24] Installing org.eclipse.oomph.setup.doc [1.11.0.v20200624-1156]
[2022-10-24 19:44:24] Installing org.eclipse.oomph.setup.edit [1.15.0.v20200624-1156]
[2022-10-24 19:44:24] Installing org.eclipse.oomph.setup.editor [1.19.0.v20210223-0655]
[2022-10-24 19:44:24] Installing org.eclipse.oomph.setup.feature.group [1.20.0.v20210223-0655]
[2022-10-24 19:44:24] Installing org.eclipse.oomph.setup.feature.jar [1.20.0.v20210223-0655]
[2022-10-24 19:44:24] Installing org.eclipse.oomph.setup.p2 [1.16.0.v20200814-1205]
[2022-10-24 19:44:24] Installing org.eclipse.oomph.setup.p2.edit [1.13.0.v20200624-1156]
[2022-10-24 19:44:24] Installing org.eclipse.oomph.setup.sync [1.13.0.v20200624-1156]
[2022-10-24 19:44:24] Installing org.eclipse.oomph.setup.ui [1.20.0.v20210126-0525]
[2022-10-24 19:44:24] Installing org.eclipse.oomph.setup.ui.questionnaire [1.12.0.v20200624-1156]
[2022-10-24 19:44:24] Installing org.eclipse.oomph.ui [1.15.0.v20200820-0414]
[2022-10-24 19:44:24] Installing org.eclipse.oomph.util [1.16.0.v20201230-0920]
[2022-10-24 19:44:24] Installing org.eclipse.oomph.workingsets [1.11.0.v20200624-1156]
[2022-10-24 19:44:24] Installing org.eclipse.oomph.workingsets.edit [1.11.0.v20200624-1156]
[2022-10-24 19:44:24] Installing org.eclipse.oomph.workingsets.editor [1.12.0.v20200624-1156]
[2022-10-24 19:44:24] Installing org.eclipse.osgi [3.16.200.v20210226-1447]
[2022-10-24 19:44:24] Installing org.eclipse.osgi.compatibility.state [1.2.300.v20210212-1137]
[2022-10-24 19:44:24] Installing org.eclipse.osgi.services [3.10.0.v20210212-1137]
[2022-10-24 19:44:24] Installing org.eclipse.osgi.util [3.6.0.v20210212-1137]
[2022-10-24 19:44:24] Installing org.eclipse.platform [4.19.0.v20210303-1800]
[2022-10-24 19:44:24] Installing org.eclipse.platform.doc.user [4.19.0.v20210303-0957]
[2022-10-24 19:44:24] Installing org.eclipse.platform.feature.group [4.19.0.v20210303-1800]
[2022-10-24 19:44:24] Installing org.eclipse.platform.feature.jar [4.19.0.v20210303-1800]
[2022-10-24 19:44:24] Installing org.eclipse.platform.ide [4.19.0.I20210303-1800]
[2022-10-24 19:44:24] Installing org.eclipse.platform.ide.executable.win32.win32.x86_64 [4.19.0.I20210303-1800]
[2022-10-24 19:44:25] Installing org.eclipse.platform.ide.executable.win32.win32.x86_64.eclipse [4.19.0.I20210303-1800]
[2022-10-24 19:44:25] Installing org.eclipse.platform_root [4.19.0.v20210303-1800]
[2022-10-24 19:44:25] Installing org.eclipse.rcp [4.19.0.v20210303-1800]
[2022-10-24 19:44:25] Installing org.eclipse.rcp.feature.group [4.19.0.v20210303-1800]
[2022-10-24 19:44:25] Installing org.eclipse.rcp.feature.jar [4.19.0.v20210303-1800]
[2022-10-24 19:44:25] Installing org.eclipse.rcp_root [4.19.0.v20210303-1800]
[2022-10-24 19:44:25] Installing org.eclipse.search [3.13.0.v20210212-0759]
[2022-10-24 19:44:25] Installing org.eclipse.swt [3.116.0.v20210302-1107]
[2022-10-24 19:44:25] Installing org.eclipse.swt.browser.chromium.win32.win32.x86_64 [3.116.0.v20210302-1107]
[2022-10-24 19:44:25] Installing org.eclipse.swt.win32.win32.x86_64 [3.116.0.v20210302-1107]
[2022-10-24 19:44:25] Installing org.eclipse.team.core [3.8.1100.v20200806-0621]
[2022-10-24 19:44:25] Installing org.eclipse.team.genericeditor.diff.extension [1.0.600.v20200212-1524]
[2022-10-24 19:44:25] Installing org.eclipse.team.ui [3.8.1200.v20210204-1156]
[2022-10-24 19:44:25] Installing org.eclipse.text [3.11.0.v20210203-1022]
[2022-10-24 19:44:25] Installing org.eclipse.text.quicksearch [1.1.0.v20210120-0733]
[2022-10-24 19:44:25] Installing org.eclipse.tips.core [0.1.600.v20191123-0656]
[2022-10-24 19:44:25] Installing org.eclipse.tips.feature.feature.group [0.2.1300.v20210226-2208]
[2022-10-24 19:44:25] Installing org.eclipse.tips.feature.feature.jar [0.2.1300.v20210226-2208]
[2022-10-24 19:44:25] Installing org.eclipse.tips.ide [0.2.0.v20201120-1551]
[2022-10-24 19:44:25] Installing org.eclipse.tips.json [0.2.0.v20210226-2208]
[2022-10-24 19:44:25] Installing org.eclipse.tips.ui [0.1.1100.v20200915-1102]
[2022-10-24 19:44:25] Installing org.eclipse.tm.terminal.connector.local [4.7.0.202008310315]
[2022-10-24 19:44:25] Installing org.eclipse.tm.terminal.connector.local.feature.feature.group [10.2.0.202012191711]
[2022-10-24 19:44:25] Installing org.eclipse.tm.terminal.connector.local.feature.feature.jar [10.2.0.202012191711]
[2022-10-24 19:44:25] Installing org.eclipse.tm.terminal.connector.process [4.7.0.202008310315]
[2022-10-24 19:44:25] Installing org.eclipse.tm.terminal.connector.ssh [4.7.0.202011161527]
[2022-10-24 19:44:25] Installing org.eclipse.tm.terminal.connector.ssh.feature.feature.group [10.2.0.202012191711]
[2022-10-24 19:44:25] Installing org.eclipse.tm.terminal.connector.ssh.feature.feature.jar [10.2.0.202012191711]
[2022-10-24 19:44:25] Installing org.eclipse.tm.terminal.connector.telnet [4.7.100.202010121414]
[2022-10-24 19:44:25] Installing org.eclipse.tm.terminal.connector.telnet.feature.feature.group [10.2.0.202012191711]
[2022-10-24 19:44:25] Installing org.eclipse.tm.terminal.connector.telnet.feature.feature.jar [10.2.0.202012191711]
[2022-10-24 19:44:25] Installing org.eclipse.tm.terminal.control [5.1.0.202103012351]
[2022-10-24 19:44:25] Installing org.eclipse.tm.terminal.control.feature.feature.group [10.2.0.202103012351]
[2022-10-24 19:44:25] Installing org.eclipse.tm.terminal.control.feature.feature.jar [10.2.0.202103012351]
[2022-10-24 19:44:25] Installing org.eclipse.tm.terminal.feature.feature.group [10.2.0.202012191711]
[2022-10-24 19:44:25] Installing org.eclipse.tm.terminal.feature.feature.jar [10.2.0.202012191711]
[2022-10-24 19:44:25] Installing org.eclipse.tm.terminal.view.core [4.7.0.202008310315]
[2022-10-24 19:44:25] Installing org.eclipse.tm.terminal.view.feature.feature.group [10.2.0.202103012351]
[2022-10-24 19:44:25] Installing org.eclipse.tm.terminal.view.feature.feature.jar [10.2.0.202103012351]
[2022-10-24 19:44:25] Installing org.eclipse.tm.terminal.view.ui [4.8.0.202103012351]
[2022-10-24 19:44:25] Installing org.eclipse.tm4e.core [0.4.1.202006041920]
[2022-10-24 19:44:25] Installing org.eclipse.tm4e.registry [0.4.0.201911130739]
[2022-10-24 19:44:25] Installing org.eclipse.tm4e.ui [0.4.1.202008270629]
[2022-10-24 19:44:25] Installing org.eclipse.ui [3.119.0.v20210111-1350]
[2022-10-24 19:44:25] Installing org.eclipse.ui.browser [3.6.1100.v20210118-1327]
[2022-10-24 19:44:25] Installing org.eclipse.ui.cheatsheets [3.7.200.v20210121-1039]
[2022-10-24 19:44:25] Installing org.eclipse.ui.console [3.10.100.v20201211-1511]
[2022-10-24 19:44:25] Installing org.eclipse.ui.editors [3.14.0.v20210215-0846]
[2022-10-24 19:44:25] Installing org.eclipse.ui.externaltools [3.4.900.v20201105-0600]
[2022-10-24 19:44:25] Installing org.eclipse.ui.forms [3.11.100.v20210108-1139]
[2022-10-24 19:44:25] Installing org.eclipse.ui.genericeditor [1.2.0.v20210129-1224]
[2022-10-24 19:44:25] Installing org.eclipse.ui.ide [3.18.100.v20210122-1536]
[2022-10-24 19:44:25] Installing org.eclipse.ui.ide.application [1.4.0.v20210122-1423]
[2022-10-24 19:44:25] Installing org.eclipse.ui.intro [3.6.100.v20210119-2223]
[2022-10-24 19:44:25] Installing org.eclipse.ui.intro.quicklinks [1.1.0.v20200724-0708]
[2022-10-24 19:44:25] Installing org.eclipse.ui.intro.universal [3.4.100.v20210108-1131]
[2022-10-24 19:44:25] Installing org.eclipse.ui.monitoring [1.2.0.v20210111-1353]
[2022-10-24 19:44:25] Installing org.eclipse.ui.navigator [3.10.0.v20210111-1352]
[2022-10-24 19:44:25] Installing org.eclipse.ui.navigator.resources [3.8.0.v20210209-1136]
[2022-10-24 19:44:25] Installing org.eclipse.ui.net [1.3.800.v20200422-1935]
[2022-10-24 19:44:25] Installing org.eclipse.ui.themes [1.2.1300.v20210108-1832]
[2022-10-24 19:44:25] Installing org.eclipse.ui.views [3.11.0.v20210111-1351]
[2022-10-24 19:44:25] Installing org.eclipse.ui.views.log [1.2.1400.v20210122-1423]
[2022-10-24 19:44:25] Installing org.eclipse.ui.views.properties.tabbed [3.9.100.v20201223-1348]
[2022-10-24 19:44:25] Installing org.eclipse.ui.win32 [3.4.400.v20200414-1247]
[2022-10-24 19:44:25] Installing org.eclipse.ui.workbench [3.122.100.v20210215-1525]
[2022-10-24 19:44:25] Installing org.eclipse.ui.workbench.texteditor [3.16.0.v20210120-0733]
[2022-10-24 19:44:25] Installing org.eclipse.update.configurator [3.4.700.v20200907-1237]
[2022-10-24 19:44:25] Installing org.eclipse.urischeme [1.1.300.v20210113-1544]
[2022-10-24 19:44:25] Installing org.eclipse.userstorage [1.2.0.v20190307-0457]
[2022-10-24 19:44:25] Installing org.eclipse.userstorage.feature.group [1.2.0.v20191120-1614]
[2022-10-24 19:44:25] Installing org.eclipse.userstorage.feature.jar [1.2.0.v20191120-1614]
[2022-10-24 19:44:25] Installing org.eclipse.userstorage.oauth [1.1.0.v20190307-0457]
[2022-10-24 19:44:25] Installing org.eclipse.userstorage.ui [1.1.0.v20190307-0457]
[2022-10-24 19:44:25] Installing org.eclipse.wildwebdeveloper.xml [0.11.0.202102250843]
[2022-10-24 19:44:25] Installing org.eclipse.wildwebdeveloper.xml.feature.feature.group [0.10.4.202102250843]
[2022-10-24 19:44:25] Installing org.eclipse.wildwebdeveloper.xml.feature.feature.jar [0.10.4.202102250843]
[2022-10-24 19:44:25] Installing org.eclipse.wst.common.core [1.4.0.v202007161535]
[2022-10-24 19:44:26] Installing org.eclipse.wst.common.emf [1.2.700.v202007161535]
[2022-10-24 19:44:26] Installing org.eclipse.wst.common.environment [1.0.401.v202007142017]
[2022-10-24 19:44:26] Installing org.eclipse.wst.common.frameworks [1.2.202.v202007142017]
[2022-10-24 19:44:26] Installing org.eclipse.wst.common.frameworks.ui [1.2.401.v202007142017]
[2022-10-24 19:44:26] Installing org.eclipse.wst.common.project.facet.core [1.4.401.v202007142017]
[2022-10-24 19:44:26] Installing org.eclipse.wst.common.ui [1.2.100.v202101112327]
[2022-10-24 19:44:26] Installing org.eclipse.wst.common.uriresolver [1.3.0.v202007161535]
[2022-10-24 19:44:26] Installing org.eclipse.wst.sse.core [1.2.600.v202102110535]
[2022-10-24 19:44:26] Installing org.eclipse.wst.sse.ui [1.7.100.v202008192217]
[2022-10-24 19:44:26] Installing org.eclipse.wst.validation [1.2.801.v202007142017]
[2022-10-24 19:44:26] Installing org.eclipse.wst.validation.ui [1.2.601.v202007142017]
[2022-10-24 19:44:26] Installing org.eclipse.wst.xml.core [1.2.300.v202102110535]
[2022-10-24 19:44:26] Installing org.eclipse.wst.xml.ui [1.2.600.v202102222242]
[2022-10-24 19:44:26] Installing org.eclipse.wst.xsd.core [1.2.100.v202008180353]
[2022-10-24 19:44:26] Installing org.eclipse.xsd [2.18.0.v20201230-0836]
[2022-10-24 19:44:26] Installing org.eclipse.xtext.xbase.lib [2.25.0.v20210301-0821]
[2022-10-24 19:44:26] Installing org.gradle.toolingapi [6.8.0.v20210113-0929]
[2022-10-24 19:44:26] Installing org.hamcrest.core [1.3.0.v20180420-1519]
[2022-10-24 19:44:26] Installing org.jacoco.agent [0.8.6.v20201001-1506]
[2022-10-24 19:44:26] Installing org.jacoco.core [0.8.6.v20201001-1506]
[2022-10-24 19:44:26] Installing org.jacoco.report [0.8.6.v20201001-1506]
[2022-10-24 19:44:26] Installing org.jcodings [1.0.18.v20170306-1742]
[2022-10-24 19:44:26] Installing org.joni [2.1.11.v20170306-1742]
[2022-10-24 19:44:26] Installing org.jsoup [1.8.3.v20181012-1713]
[2022-10-24 19:44:26] Installing org.junit [4.13.0.v20200204-1500]
[2022-10-24 19:44:26] Installing org.junit.jupiter.api [5.7.1.v20210222-1948]
[2022-10-24 19:44:26] Installing org.junit.jupiter.engine [5.7.1.v20210222-1948]
[2022-10-24 19:44:26] Installing org.junit.jupiter.migrationsupport [5.7.1.v20210222-1948]
[2022-10-24 19:44:26] Installing org.junit.jupiter.params [5.7.1.v20210222-1948]
[2022-10-24 19:44:26] Installing org.junit.platform.commons [1.7.1.v20210222-1948]
[2022-10-24 19:44:26] Installing org.junit.platform.engine [1.7.1.v20210222-1948]
[2022-10-24 19:44:26] Installing org.junit.platform.launcher [1.7.1.v20210222-1948]
[2022-10-24 19:44:26] Installing org.junit.platform.runner [1.7.1.v20210222-1948]
[2022-10-24 19:44:26] Installing org.junit.platform.suite.api [1.7.1.v20210222-1948]
[2022-10-24 19:44:26] Installing org.junit.vintage.engine [5.7.1.v20210222-1948]
[2022-10-24 19:44:26] Installing org.maven.ide.eclipse [1.17.2.20210219-1922]
[2022-10-24 19:44:26] Installing org.objectweb.asm [8.0.1.v20200420-1007]
[2022-10-24 19:44:26] Installing org.objectweb.asm.commons [8.0.1.v20200420-1007]
[2022-10-24 19:44:26] Installing org.objectweb.asm.tree [8.0.1.v20200420-1007]
[2022-10-24 19:44:26] Installing org.opentest4j [1.2.0.v20190826-0900]
[2022-10-24 19:44:26] Installing org.sat4j.core [2.3.5.v201308161310]
[2022-10-24 19:44:26] Installing org.sat4j.pb [2.3.5.v201404071733]
[2022-10-24 19:44:26] Installing org.slf4j.api [1.7.30.v20200204-2150]
[2022-10-24 19:44:26] Installing org.tukaani.xz [1.8.0.v20180207-1613]
[2022-10-24 19:44:26] Installing org.w3c.css.sac [1.3.1.v200903091627]
[2022-10-24 19:44:26] Installing org.w3c.dom.events [3.0.0.draft20060413_v201105210656]
[2022-10-24 19:44:26] Installing org.w3c.dom.smil [1.0.1.v200903091627]
[2022-10-24 19:44:26] Installing org.w3c.dom.svg [1.1.0.v201011041433]
[2022-10-24 19:44:26] Installing tooling.org.eclipse.update.feature.default [1.0.0]
[2022-10-24 19:44:26] Installing tooling.osgi.bundle.default [1.0.0]
[2022-10-24 19:44:26] Installing tooling.source.default [1.0.0]
[2022-10-24 19:44:26] Installing toolingepp.package.java.application [4.19.0.20210311-1200]
[2022-10-24 19:44:26] Installing toolingepp.package.java.config.win32.win32.x86_64 [4.19.0.20210311-1200]
[2022-10-24 19:44:26] Installing toolingepp.package.java.configuration [4.19.0.20210311-1200]
[2022-10-24 19:44:26] Installing toolingepp.package.java.executable.win32.win32.x86_64 [4.19.0.20210311-1200]
[2022-10-24 19:44:26] Installing toolingepp.package.java.ini.win32.win32.x86_64 [4.19.0.20210311-1200]
[2022-10-24 19:44:26] Installing toolingorg.eclipse.equinox.launcher [1.6.100.v20201223-0822]
[2022-10-24 19:44:26] Installing toolingorg.eclipse.equinox.launcher.win32.win32.x86_64 [1.2.100.v20210209-1541]
[2022-10-24 19:44:26] Installing toolingorg.eclipse.platform.configuration [1.0.0]
[2022-10-24 19:44:26] Installing toolingorg.eclipse.platform.ide.application [4.19.0.I20210303-1800]
[2022-10-24 19:44:26] Installing toolingorg.eclipse.platform.ide.config.win32.win32.x86_64 [4.19.0.I20210303-1800]
[2022-10-24 19:44:26] Installing toolingorg.eclipse.platform.ide.configuration [4.19.0.I20210303-1800]
[2022-10-24 19:44:26] Installing toolingorg.eclipse.platform.ide.executable.win32.win32.x86_64 [4.19.0.I20210303-1800]
[2022-10-24 19:44:26] Installing toolingorg.eclipse.platform.ide.ini.win32.win32.x86_64 [4.19.0.I20210303-1800]
[2022-10-24 19:44:26] Installing toolingwin32.win32.x86_64org.apache.felix.scr [4.19.0.I20210303-1800]
[2022-10-24 19:44:26] Installing toolingwin32.win32.x86_64org.eclipse.core.runtime [4.19.0.I20210303-1800]
[2022-10-24 19:44:26] Installing toolingwin32.win32.x86_64org.eclipse.equinox.common [4.19.0.I20210303-1800]
[2022-10-24 19:44:26] Installing toolingwin32.win32.x86_64org.eclipse.equinox.event [4.19.0.I20210303-1800]
[2022-10-24 19:44:26] Installing toolingwin32.win32.x86_64org.eclipse.equinox.p2.reconciler.dropins [4.19.0.I20210303-1800]
[2022-10-24 19:44:26] Installing toolingwin32.win32.x86_64org.eclipse.equinox.simpleconfigurator [4.19.0.I20210303-1800]
[2022-10-24 19:44:29] Preparing to commit the provisioning operation.
[2022-10-24 19:44:30] Committing the provisioning operation.
[2022-10-24 19:44:41] Performing Eclipse Ini --launcher.appendVmargs
[2022-10-24 19:44:41] Performing Eclipse Ini -Declipse.p2.max.threads=10
[2022-10-24 19:44:41] Changing C:\Users\Lennon Fonseca\eclipse\java-2021-032\eclipse\eclipse.ini (-Declipse.p2.max.threads=10)
[2022-10-24 19:44:41] Performing Eclipse Ini -Doomph.update.url=http://download.eclipse.org/oomph/updates/milestone/latest
[2022-10-24 19:44:41] Changing C:\Users\Lennon Fonseca\eclipse\java-2021-032\eclipse\eclipse.ini (-Doomph.update.url=http://download.eclipse.org/oomph/updates/milestone/latest)
[2022-10-24 19:44:41] Performing Eclipse Ini -Doomph.redirection.index.redirection=index:/->http://git.eclipse.org/c/oomph/org.eclipse.oomph.git/plain/setups/
[2022-10-24 19:44:41] Changing C:\Users\Lennon Fonseca\eclipse\java-2021-032\eclipse\eclipse.ini (-Doomph.redirection.index.redirection=index:/->http://git.eclipse.org/c/oomph/org.eclipse.oomph.git/plain/setups/)
[2022-10-24 19:44:41] Performing post bootstrap tasks
[2022-10-24 19:44:41] 
